<?xml version="1.0" encoding="UTF-8" standalone="no"?>
<testsuite failures="0" name="cucumber.runtime.formatter.JUnitFormatter" skipped="0" tests="1" time="37.472588">
<testcase classname="Free CRM Login Feature" name="Free CRM Login Test Scenario" time="37.472588">
<system-out><![CDATA[Given user is already on Login Page.........................................passed
When title of login page is Free CRM........................................passed
Then user enters username and password......................................passed
Then user clicks on login page..............................................passed
Then user is on home page...................................................passed
]]></system-out>
</testcase>
</testsuite>
